<?xml version="1.0" encoding="UTF-8"?>
<!-- Generated by org.testng.reporters.JUnitReportReporter -->
<testsuite ignored="0" hostname="DESKTOP-ISMAEL" failures="0" tests="1" name="inventoryTestCases.TC02_AddToCart" time="0.350" errors="0" timestamp="21 feb. 2024 00:50:40 GMT" skipped="0">
  <testcase classname="inventoryTestCases.TC02_AddToCart" name="TC02" time="0.350"/>
</testsuite> <!-- inventoryTestCases.TC02_AddToCart -->
