<?xml version="1.0" encoding="UTF-8"?>
<!-- Generated by org.testng.reporters.JUnitReportReporter -->
<testsuite ignored="0" hostname="DESKTOP-ISMAEL" failures="0" tests="1" name="loginTestCases.TC01_Login" time="0.375" errors="0" timestamp="21 feb. 2024 02:31:55 GMT" skipped="0">
  <testcase classname="loginTestCases.TC01_Login" name="TC01" time="0.375"/>
</testsuite> <!-- loginTestCases.TC01_Login -->
