<?xml version="1.0" encoding="UTF-8"?>
<!-- Generated by org.testng.reporters.JUnitReportReporter -->
<testsuite ignored="0" hostname="DESKTOP-ISMAEL" failures="0" tests="1" name="inventoryTestCases.TC02_AddToCart" time="1.093" errors="0" timestamp="23 feb. 2024 03:46:45 GMT" skipped="0">
  <testcase classname="inventoryTestCases.TC02_AddToCart" name="TC02" time="1.093"/>
</testsuite> <!-- inventoryTestCases.TC02_AddToCart -->
