<?xml version="1.0" encoding="UTF-8"?>
<!-- Generated by org.testng.reporters.JUnitReportReporter -->
<testsuite ignored="0" hostname="DESKTOP-ISMAEL" failures="0" tests="1" name="inventoryTestCases.TC02_AddToCart" time="2.595" errors="0" timestamp="21 feb. 2024 02:16:38 GMT" skipped="0">
  <testcase classname="inventoryTestCases.TC02_AddToCart" name="TC02" time="2.595"/>
</testsuite> <!-- inventoryTestCases.TC02_AddToCart -->
